
AUGMENTATION SUMMARY
==================================================
early-barnyard-grass_w0:
   Before: 15
   Added:  235
   After:  250
early-barnyard-grass_w1:
   Before: 15
   Added:  235
   After:  250
early-barnyard-grass_w2:
   Before: 15
   Added:  235
   After:  250
early-barnyard-grass_w3:
   Before: 24
   Added:  226
   After:  250
green-foxtail_w13:
   Before: 10
   Added:  240
   After:  250
green-foxtail_w6:
   Before: 66
   Added:  184
   After:  250
poa-annua_w0:
   Before: 10
   Added:  240
   After:  250
poa-annua_w1:
   Before: 15
   Added:  235
   After:  250
poa-annua_w2:
   Before: 15
   Added:  235
   After:  250
poa-annua_w3:
   Before: 30
   Added:  220
   After:  250
==================================================
Auto-targeted augmentation complete!
