Starting dataset filtering and week-based organization...
Processing asian-flatsedge...
  asian-flatsedge_w5: 1200 images
  asian-flatsedge_w7: 792 images
  asian-flatsedge_w3: 1677 images
  asian-flatsedge_w1: 2232 images
  asian-flatsedge_w4: 1680 images
  asian-flatsedge_w0: 2370 images
  asian-flatsedge_w6: 840 images
  asian-flatsedge_w2: 1896 images
  asian-flatsedge_w8: 96 images
Processing asiatic-dayflower...
  asiatic-dayflower_w1: 1392 images
  asiatic-dayflower_w0: 1530 images
  asiatic-dayflower_w3: 840 images
  asiatic-dayflower_w2: 1056 images
  asiatic-dayflower_w4: 840 images
  asiatic-dayflower_w5: 360 images
Processing indian-goosegrass...
  indian-goosegrass_w5: 704 images
  indian-goosegrass_w2: 969 images
  indian-goosegrass_w3: 872 images
  indian-goosegrass_w6: 400 images
  indian-goosegrass_w10: 840 images
  indian-goosegrass_w1: 949 images
  indian-goosegrass_w4: 948 images
  indian-goosegrass_w7: 341 images
  indian-goosegrass_w9: 885 images
  indian-goosegrass_w0: 888 images
  indian-goosegrass_w8: 856 images
  indian-goosegrass_w13: 30 images
  indian-goosegrass_w11: 930 images
  indian-goosegrass_w12: 321 images
Processing korean-dock...
  korean-dock_w0: 1530 images
  korean-dock_w1: 1392 images
  korean-dock_w2: 1056 images
  korean-dock_w5: 360 images
  korean-dock_w3: 840 images
  korean-dock_w4: 840 images
Processing nipponicus-sedge...
  nipponicus-sedge_w5: 792 images
  nipponicus-sedge_w3: 840 images
  nipponicus-sedge_w0: 840 images
  nipponicus-sedge_w4: 840 images
  nipponicus-sedge_w6: 456 images
  nipponicus-sedge_w2: 840 images
  nipponicus-sedge_w1: 837 images

==================================================
DATASET SUMMARY
==================================================

ASIAN-FLATSEDGE:
  asian-flatsedge_w0: 2370 images
  asian-flatsedge_w1: 2232 images
  asian-flatsedge_w2: 1896 images
  asian-flatsedge_w3: 1677 images
  asian-flatsedge_w4: 1680 images
  asian-flatsedge_w5: 1200 images
  asian-flatsedge_w6: 840 images
  asian-flatsedge_w7: 792 images
  asian-flatsedge_w8: 96 images
  Total for asian-flatsedge: 12783 images

ASIATIC-DAYFLOWER:
  asiatic-dayflower_w0: 1530 images
  asiatic-dayflower_w1: 1392 images
  asiatic-dayflower_w2: 1056 images
  asiatic-dayflower_w3: 840 images
  asiatic-dayflower_w4: 840 images
  asiatic-dayflower_w5: 360 images
  Total for asiatic-dayflower: 6018 images

INDIAN-GOOSEGRASS:
  indian-goosegrass_w0: 888 images
  indian-goosegrass_w1: 949 images
  indian-goosegrass_w10: 840 images
  indian-goosegrass_w11: 930 images
  indian-goosegrass_w12: 321 images
  indian-goosegrass_w13: 30 images
  indian-goosegrass_w2: 969 images
  indian-goosegrass_w3: 872 images
  indian-goosegrass_w4: 948 images
  indian-goosegrass_w5: 704 images
  indian-goosegrass_w6: 400 images
  indian-goosegrass_w7: 341 images
  indian-goosegrass_w8: 856 images
  indian-goosegrass_w9: 885 images
  Total for indian-goosegrass: 9933 images

KOREAN-DOCK:
  korean-dock_w0: 1530 images
  korean-dock_w1: 1392 images
  korean-dock_w2: 1056 images
  korean-dock_w3: 840 images
  korean-dock_w4: 840 images
  korean-dock_w5: 360 images
  Total for korean-dock: 6018 images

NIPPONICUS-SEDGE:
  nipponicus-sedge_w0: 840 images
  nipponicus-sedge_w1: 837 images
  nipponicus-sedge_w2: 840 images
  nipponicus-sedge_w3: 840 images
  nipponicus-sedge_w4: 840 images
  nipponicus-sedge_w5: 792 images
  nipponicus-sedge_w6: 456 images
  Total for nipponicus-sedge: 5445 images

==================================================
OVERALL SUMMARY:
Total classes (weed_week combinations): 42
Total images: 40197
Average images per class: 957.1
==================================================

Filtered dataset saved to: ./data_filtered_by_weeks
Ready for train/test/val splitting!
